#
# A fatal error has been detected by the Java Runtime Environment:
#
#  EXCEPTION_ACCESS_VIOLATION (0xc0000005) at pc=0x00000000, pid=33248, tid=0x00004538
#
# JRE version: Java(TM) SE Runtime Environment (8.0_191-b12) (build 1.8.0_191-b12)
# Java VM: Java HotSpot(TM) Client VM (25.191-b12 mixed mode windows-x86 )
# Problematic frame:
# C  0x00000000
#
# Failed to write core dump. Minidumps are not enabled by default on client versions of Windows
#
# If you would like to submit a bug report, please visit:
#   http://bugreport.java.com/bugreport/crash.jsp
# The crash happened outside the Java Virtual Machine in native code.
# See problematic frame for where to report the bug.
#

---------------  T H R E A D  ---------------

Current thread (0x27c3e400):  JavaThread "AWT-EventQueue-0" [_thread_in_native, id=17720, stack(0x29330000,0x29380000)]

siginfo: ExceptionCode=0xc0000005, ExceptionInformation=0x00000008 0x00000000

Registers:
EAX=0x00000000, EBX=0x28aeb6c0, ECX=0x00000000, EDX=0x00a10000
ESP=0x2935f240, EBP=0x2935f534, ESI=0x28a27410, EDI=0x2935f864
EIP=0x00000000, EFLAGS=0x00010246

Top of Stack: (sp=0x2935f240)
0x2935f240:   2ba9ca89 2935f524 2935f510 2935f4e4
0x2935f250:   2937d2f8 28a27410 28aeb6c0 2ca9786a
0x2935f260:   00a90be8 2935f328 00000000 00000002
0x2935f270:   2935f328 2935f864 00000016 00000001
0x2935f280:   2935f2d4 2ca971d6 2935f294 2ca927bc
0x2935f290:   28aacc60 2935f2d4 2ca97233 00000003
0x2935f2a0:   2ca971ea 6844cdd0 2cc02d24 2935f54c
0x2935f2b0:   2935f864 00000001 00000002 2935f2a4 

Instructions: (pc=0x00000000)
0xffffffe0:   


Register to memory mapping:

EAX=0x00000000 is an unknown value
EBX=0x28aeb6c0 is an unknown value
ECX=0x00000000 is an unknown value
EDX=0x00a10000 is an unknown value
ESP=0x2935f240 is pointing into the stack for thread: 0x27c3e400
EBP=0x2935f534 is pointing into the stack for thread: 0x27c3e400
ESI=0x28a27410 is an unknown value
EDI=0x2935f864 is pointing into the stack for thread: 0x27c3e400


Stack: [0x29330000,0x29380000],  sp=0x2935f240,  free space=188k
Java frames: (J=compiled Java code, j=interpreted, Vv=VM code)
j  sun.awt.Win32GraphicsDevice.getMaxConfigsImpl(I)I+0
j  sun.awt.Win32GraphicsDevice.getMaxConfigs(I)I+10
j  sun.awt.Win32GraphicsDevice.getConfigurations()[Ljava/awt/GraphicsConfiguration;+69
j  javax.swing.ToolTipManager.getDrawingGC(Ljava/awt/Point;)Ljava/awt/GraphicsConfiguration;+36
j  javax.swing.ToolTipManager.showTipWindow()V+115
j  javax.swing.ToolTipManager.show(Ljavax/swing/JComponent;)V+91
j  javax.swing.ToolTipManager.access$700(Ljavax/swing/ToolTipManager;Ljavax/swing/JComponent;)V+2
j  javax.swing.ToolTipManager$AccessibilityKeyListener.keyPressed(Ljava/awt/event/KeyEvent;)V+78
j  java.awt.Component.processKeyEvent(Ljava/awt/event/KeyEvent;)V+52
j  javax.swing.JComponent.processKeyEvent(Ljava/awt/event/KeyEvent;)V+2
j  java.awt.Component.processEvent(Ljava/awt/AWTEvent;)V+121
j  java.awt.Container.processEvent(Ljava/awt/AWTEvent;)V+18
j  java.awt.Component.dispatchEventImpl(Ljava/awt/AWTEvent;)V+589
j  java.awt.Container.dispatchEventImpl(Ljava/awt/AWTEvent;)V+42
j  java.awt.Component.dispatchEvent(Ljava/awt/AWTEvent;)V+2
j  java.awt.KeyboardFocusManager.redispatchEvent(Ljava/awt/Component;Ljava/awt/AWTEvent;)V+7
j  java.awt.DefaultKeyboardFocusManager.dispatchKeyEvent(Ljava/awt/event/KeyEvent;)Z+63
j  java.awt.DefaultKeyboardFocusManager.preDispatchKeyEvent(Ljava/awt/event/KeyEvent;)Z+137
j  java.awt.DefaultKeyboardFocusManager.typeAheadAssertions(Ljava/awt/Component;Ljava/awt/AWTEvent;)Z+166
j  java.awt.DefaultKeyboardFocusManager.dispatchEvent(Ljava/awt/AWTEvent;)Z+1632
j  java.awt.Component.dispatchEventImpl(Ljava/awt/AWTEvent;)V+151
j  java.awt.Container.dispatchEventImpl(Ljava/awt/AWTEvent;)V+42
j  java.awt.Window.dispatchEventImpl(Ljava/awt/AWTEvent;)V+19
j  java.awt.Component.dispatchEvent(Ljava/awt/AWTEvent;)V+2
j  java.awt.EventQueue.dispatchEventImpl(Ljava/awt/AWTEvent;Ljava/lang/Object;)V+41
j  java.awt.EventQueue.access$500(Ljava/awt/EventQueue;Ljava/awt/AWTEvent;Ljava/lang/Object;)V+3
j  java.awt.EventQueue$3.run()Ljava/lang/Void;+32
j  java.awt.EventQueue$3.run()Ljava/lang/Object;+1
v  ~StubRoutines::call_stub
j  java.security.AccessController.doPrivileged(Ljava/security/PrivilegedAction;Ljava/security/AccessControlContext;)Ljava/lang/Object;+0
j  java.security.ProtectionDomain$JavaSecurityAccessImpl.doIntersectionPrivilege(Ljava/security/PrivilegedAction;Ljava/security/AccessControlContext;Ljava/security/AccessControlContext;)Ljava/lang/Object;+18
j  java.security.ProtectionDomain$JavaSecurityAccessImpl.doIntersectionPrivilege(Ljava/security/PrivilegedAction;Ljava/security/AccessControlContext;)Ljava/lang/Object;+6
j  java.awt.EventQueue$4.run()Ljava/lang/Void;+11
j  java.awt.EventQueue$4.run()Ljava/lang/Object;+1
v  ~StubRoutines::call_stub
j  java.security.AccessController.doPrivileged(Ljava/security/PrivilegedAction;Ljava/security/AccessControlContext;)Ljava/lang/Object;+0
j  java.security.ProtectionDomain$JavaSecurityAccessImpl.doIntersectionPrivilege(Ljava/security/PrivilegedAction;Ljava/security/AccessControlContext;Ljava/security/AccessControlContext;)Ljava/lang/Object;+18
j  java.awt.EventQueue.dispatchEvent(Ljava/awt/AWTEvent;)V+73
j  java.awt.EventDispatchThread.pumpOneEventForFilters(I)V+140
j  java.awt.EventDispatchThread.pumpEventsForFilter(ILjava/awt/Conditional;Ljava/awt/EventFilter;)V+35
j  java.awt.EventDispatchThread.pumpEventsForHierarchy(ILjava/awt/Conditional;Ljava/awt/Component;)V+11
j  java.awt.EventDispatchThread.pumpEvents(ILjava/awt/Conditional;)V+4
j  java.awt.EventDispatchThread.pumpEvents(Ljava/awt/Conditional;)V+3
j  java.awt.EventDispatchThread.run()V+9
v  ~StubRoutines::call_stub

---------------  P R O C E S S  ---------------

Java Threads: ( => current thread )
  0x27c3ec00 JavaThread "DestroyJavaVM" [_thread_blocked, id=36268, stack(0x029b0000,0x02a00000)]
  0x27c42800 JavaThread "Timer-0" [_thread_blocked, id=19356, stack(0x288b0000,0x28900000)]
  0x27c3d800 JavaThread "TimerQueue" daemon [_thread_blocked, id=4924, stack(0x297f0000,0x29840000)]
=>0x27c3e400 JavaThread "AWT-EventQueue-0" [_thread_in_native, id=17720, stack(0x29330000,0x29380000)]
  0x27b85000 JavaThread "AWT-Shutdown" [_thread_blocked, id=36596, stack(0x28790000,0x287e0000)]
  0x27b88400 JavaThread "JmDNS(DESKTOP-TADHO5C.local.).State.Timer" [_thread_blocked, id=22124, stack(0x29080000,0x290d0000)]
  0x27b86400 JavaThread "JmDNS(DESKTOP-TADHO5C.local.).Timer" daemon [_thread_blocked, id=27468, stack(0x28ff0000,0x29040000)]
  0x27b86c00 JavaThread "SocketListener(DESKTOP-TADHO5C.local.)" daemon [_thread_in_native, id=28476, stack(0x28f60000,0x28fb0000)]
  0x27b87c00 JavaThread "JmmDNS pool-3-thread-1" [_thread_blocked, id=32112, stack(0x28ed0000,0x28f20000)]
  0x27b87800 JavaThread "JmDNS(DESKTOP-TADHO5C.local.).State.Timer" [_thread_blocked, id=34756, stack(0x28d30000,0x28d80000)]
  0x27b86000 JavaThread "JmDNS(DESKTOP-TADHO5C.local.).Timer" daemon [_thread_blocked, id=29408, stack(0x28c60000,0x28cb0000)]
  0x27b85800 JavaThread "SocketListener(DESKTOP-TADHO5C.local.)" daemon [_thread_in_native, id=35836, stack(0x27ea0000,0x27ef0000)]
  0x27b87000 JavaThread "Multihomed mDNS.Timer" daemon [_thread_blocked, id=3380, stack(0x28700000,0x28750000)]
  0x27967c00 JavaThread "cc.arduino.packages.discoverers.serial.SerialDiscovery" [_thread_blocked, id=17188, stack(0x28820000,0x28870000)]
  0x26680400 JavaThread "AWT-Windows" daemon [_thread_in_native, id=18728, stack(0x26ad0000,0x26b20000)]
  0x26677400 JavaThread "Java2D Disposer" daemon [_thread_blocked, id=30292, stack(0x269b0000,0x26a00000)]
  0x25d8e000 JavaThread "Service Thread" daemon [_thread_blocked, id=21980, stack(0x262b0000,0x26300000)]
  0x25d67400 JavaThread "C1 CompilerThread0" daemon [_thread_blocked, id=35396, stack(0x26220000,0x26270000)]
  0x25d66800 JavaThread "Attach Listener" daemon [_thread_blocked, id=32904, stack(0x26190000,0x261e0000)]
  0x25d3a400 JavaThread "Signal Dispatcher" daemon [_thread_blocked, id=22284, stack(0x26100000,0x26150000)]
  0x25d1c800 JavaThread "Finalizer" daemon [_thread_blocked, id=18864, stack(0x25fa0000,0x25ff0000)]
  0x25d16c00 JavaThread "Reference Handler" daemon [_thread_blocked, id=30304, stack(0x25f00000,0x25f50000)]

Other Threads:
  0x25d00800 VMThread [stack: 0x25460000,0x254b0000] [id=24236]
  0x25d9a000 WatcherThread [stack: 0x26340000,0x26390000] [id=31612]

VM state:not at safepoint (normal execution)

VM Mutex/Monitor currently owned by a thread: None

Heap:
 def new generation   total 48064K, used 15208K [0x04e00000, 0x08220000, 0x0f8a0000)
  eden space 42752K,  35% used [0x04e00000, 0x05cda2e0, 0x077c0000)
  from space 5312K,   0% used [0x077c0000, 0x077c0000, 0x07cf0000)
  to   space 5312K,   0% used [0x07cf0000, 0x07cf0000, 0x08220000)
 tenured generation   total 106560K, used 63935K [0x0f8a0000, 0x160b0000, 0x24e00000)
   the space 106560K,  59% used [0x0f8a0000, 0x1370fd88, 0x1370fe00, 0x160b0000)
 Metaspace       used 21133K, capacity 21578K, committed 21632K, reserved 21888K

Card table byte_map: [0x04c50000,0x04d60000] byte_map_base: 0x04c29000

Polling page: 0x02360000

CodeCache: size=32768Kb used=3012Kb max_used=3012Kb free=29755Kb
 bounds [0x02c50000, 0x02f48000, 0x04c50000]
 total_blobs=1862 nmethods=1584 adapters=208
 compilation: enabled

Compilation events (10 events):
Event: 30.016 Thread 0x25d67400 1616             sun.java2d.StateTrackableDelegate::markDirty (6 bytes)
Event: 30.016 Thread 0x25d67400 nmethod 1616 0x02f41208 code [0x02f41300, 0x02f41390]
Event: 30.021 Thread 0x25d67400 1617             javax.swing.JMenu::getComponent (2 bytes)
Event: 30.021 Thread 0x25d67400 nmethod 1617 0x02f413c8 code [0x02f414c0, 0x02f41540]
Event: 30.022 Thread 0x25d67400 1618             javax.swing.JPopupMenu::isVisible (13 bytes)
Event: 30.022 Thread 0x25d67400 nmethod 1618 0x02f41588 code [0x02f41680, 0x02f41720]
Event: 30.022 Thread 0x25d67400 1619             javax.swing.JMenu::getSubElements (26 bytes)
Event: 30.022 Thread 0x25d67400 nmethod 1619 0x02f41788 code [0x02f41890, 0x02f41a90]
Event: 30.022 Thread 0x25d67400 1620             javax.swing.JPopupMenu::getComponent (2 bytes)
Event: 30.022 Thread 0x25d67400 nmethod 1620 0x02f41b48 code [0x02f41c40, 0x02f41cc0]

GC Heap History (10 events):
Event: 1.055 GC heap before
{Heap before GC invocations=2 (full 0):
 def new generation   total 39296K, used 39296K [0x04e00000, 0x078a0000, 0x0f8a0000)
  eden space 34944K, 100% used [0x04e00000, 0x07020000, 0x07020000)
  from space 4352K, 100% used [0x07020000, 0x07460000, 0x07460000)
  to   space 4352K,   0% used [0x07460000, 0x07460000, 0x078a0000)
 tenured generation   total 87424K, used 11947K [0x0f8a0000, 0x14e00000, 0x24e00000)
   the space 87424K,  13% used [0x0f8a0000, 0x1044af70, 0x1044b000, 0x14e00000)
 Metaspace       used 11256K, capacity 11495K, committed 11520K, reserved 11648K
Event: 1.110 GC heap after
Heap after GC invocations=3 (full 0):
 def new generation   total 39296K, used 4352K [0x04e00000, 0x078a0000, 0x0f8a0000)
  eden space 34944K,   0% used [0x04e00000, 0x04e00000, 0x07020000)
  from space 4352K, 100% used [0x07460000, 0x078a0000, 0x078a0000)
  to   space 4352K,   0% used [0x07020000, 0x07020000, 0x07460000)
 tenured generation   total 87424K, used 45027K [0x0f8a0000, 0x14e00000, 0x24e00000)
   the space 87424K,  51% used [0x0f8a0000, 0x12498ec0, 0x12499000, 0x14e00000)
 Metaspace       used 11256K, capacity 11495K, committed 11520K, reserved 11648K
}
Event: 2.219 GC heap before
{Heap before GC invocations=3 (full 0):
 def new generation   total 39296K, used 13504K [0x04e00000, 0x078a0000, 0x0f8a0000)
  eden space 34944K,  26% used [0x04e00000, 0x056f0060, 0x07020000)
  from space 4352K, 100% used [0x07460000, 0x078a0000, 0x078a0000)
  to   space 4352K,   0% used [0x07020000, 0x07020000, 0x07460000)
 tenured generation   total 87424K, used 45027K [0x0f8a0000, 0x14e00000, 0x24e00000)
   the space 87424K,  51% used [0x0f8a0000, 0x12498ec0, 0x12499000, 0x14e00000)
 Metaspace       used 12036K, capacity 12263K, committed 12288K, reserved 12672K
Event: 2.259 GC heap after
Heap after GC invocations=4 (full 1):
 def new generation   total 39424K, used 0K [0x04e00000, 0x078c0000, 0x0f8a0000)
  eden space 35072K,   0% used [0x04e00000, 0x04e00000, 0x07040000)
  from space 4352K,   0% used [0x07040000, 0x07040000, 0x07480000)
  to   space 4352K,   0% used [0x07480000, 0x07480000, 0x078c0000)
 tenured generation   total 87424K, used 50223K [0x0f8a0000, 0x14e00000, 0x24e00000)
   the space 87424K,  57% used [0x0f8a0000, 0x129abf40, 0x129ac000, 0x14e00000)
 Metaspace       used 12036K, capacity 12263K, committed 12288K, reserved 12672K
}
Event: 4.226 GC heap before
{Heap before GC invocations=4 (full 1):
 def new generation   total 39424K, used 35072K [0x04e00000, 0x078c0000, 0x0f8a0000)
  eden space 35072K, 100% used [0x04e00000, 0x07040000, 0x07040000)
  from space 4352K,   0% used [0x07040000, 0x07040000, 0x07480000)
  to   space 4352K,   0% used [0x07480000, 0x07480000, 0x078c0000)
 tenured generation   total 87424K, used 50223K [0x0f8a0000, 0x14e00000, 0x24e00000)
   the space 87424K,  57% used [0x0f8a0000, 0x129abf40, 0x129ac000, 0x14e00000)
 Metaspace       used 15731K, capacity 16010K, committed 16128K, reserved 16768K
Event: 4.234 GC heap after
Heap after GC invocations=5 (full 1):
 def new generation   total 39424K, used 4351K [0x04e00000, 0x078c0000, 0x0f8a0000)
  eden space 35072K,   0% used [0x04e00000, 0x04e00000, 0x07040000)
  from space 4352K,  99% used [0x07480000, 0x078bfff8, 0x078c0000)
  to   space 4352K,   0% used [0x07040000, 0x07040000, 0x07480000)
 tenured generation   total 87424K, used 50803K [0x0f8a0000, 0x14e00000, 0x24e00000)
   the space 87424K,  58% used [0x0f8a0000, 0x12a3cc50, 0x12a3ce00, 0x14e00000)
 Metaspace       used 15731K, capacity 16010K, committed 16128K, reserved 16768K
}
Event: 18.159 GC heap before
{Heap before GC invocations=5 (full 1):
 def new generation   total 39424K, used 39423K [0x04e00000, 0x078c0000, 0x0f8a0000)
  eden space 35072K, 100% used [0x04e00000, 0x07040000, 0x07040000)
  from space 4352K,  99% used [0x07480000, 0x078bfff8, 0x078c0000)
  to   space 4352K,   0% used [0x07040000, 0x07040000, 0x07480000)
 tenured generation   total 87424K, used 50803K [0x0f8a0000, 0x14e00000, 0x24e00000)
   the space 87424K,  58% used [0x0f8a0000, 0x12a3cc50, 0x12a3ce00, 0x14e00000)
 Metaspace       used 19030K, capacity 19437K, committed 19584K, reserved 19840K
Event: 18.171 GC heap after
Heap after GC invocations=6 (full 1):
 def new generation   total 39424K, used 4352K [0x04e00000, 0x078c0000, 0x0f8a0000)
  eden space 35072K,   0% used [0x04e00000, 0x04e00000, 0x07040000)
  from space 4352K, 100% used [0x07040000, 0x07480000, 0x07480000)
  to   space 4352K,   0% used [0x07480000, 0x07480000, 0x078c0000)
 tenured generation   total 87424K, used 53447K [0x0f8a0000, 0x14e00000, 0x24e00000)
   the space 87424K,  61% used [0x0f8a0000, 0x12cd1f38, 0x12cd2000, 0x14e00000)
 Metaspace       used 19030K, capacity 19437K, committed 19584K, reserved 19840K
}
Event: 20.397 GC heap before
{Heap before GC invocations=6 (full 1):
 def new generation   total 39424K, used 22521K [0x04e00000, 0x078c0000, 0x0f8a0000)
  eden space 35072K,  51% used [0x04e00000, 0x05fbe5f0, 0x07040000)
  from space 4352K, 100% used [0x07040000, 0x07480000, 0x07480000)
  to   space 4352K,   0% used [0x07480000, 0x07480000, 0x078c0000)
 tenured generation   total 87424K, used 53447K [0x0f8a0000, 0x14e00000, 0x24e00000)
   the space 87424K,  61% used [0x0f8a0000, 0x12cd1f38, 0x12cd2000, 0x14e00000)
 Metaspace       used 19996K, capacity 20430K, committed 20480K, reserved 20864K
Event: 20.477 GC heap after
Heap after GC invocations=7 (full 2):
 def new generation   total 48064K, used 0K [0x04e00000, 0x08220000, 0x0f8a0000)
  eden space 42752K,   0% used [0x04e00000, 0x04e00000, 0x077c0000)
  from space 5312K,   0% used [0x077c0000, 0x077c0000, 0x07cf0000)
  to   space 5312K,   0% used [0x07cf0000, 0x07cf0000, 0x08220000)
 tenured generation   total 106560K, used 63935K [0x0f8a0000, 0x160b0000, 0x24e00000)
   the space 106560K,  59% used [0x0f8a0000, 0x1370fd88, 0x1370fe00, 0x160b0000)
 Metaspace       used 19996K, capacity 20430K, committed 20480K, reserved 20864K
}

Deoptimization events (0 events):
No events

Classes redefined (0 events):
No events

Internal exceptions (10 events):
Event: 4.445 Thread 0x027d0400 Exception <a 'sun/nio/fs/WindowsException'> (0x05671f48) thrown at [C:\workspace\8-2-build-windows-i586-cygwin\jdk8u191\11896\hotspot\src\share\vm\prims\jni.cpp, line 709]
Event: 4.445 Thread 0x027d0400 Exception <a 'sun/nio/fs/WindowsException'> (0x05672540) thrown at [C:\workspace\8-2-build-windows-i586-cygwin\jdk8u191\11896\hotspot\src\share\vm\prims\jni.cpp, line 709]
Event: 4.446 Thread 0x027d0400 Exception <a 'sun/nio/fs/WindowsException'> (0x0567c050) thrown at [C:\workspace\8-2-build-windows-i586-cygwin\jdk8u191\11896\hotspot\src\share\vm\prims\jni.cpp, line 709]
Event: 4.446 Thread 0x027d0400 Exception <a 'sun/nio/fs/WindowsException'> (0x0567c658) thrown at [C:\workspace\8-2-build-windows-i586-cygwin\jdk8u191\11896\hotspot\src\share\vm\prims\jni.cpp, line 709]
Event: 4.449 Thread 0x027d0400 Exception <a 'sun/nio/fs/WindowsException'> (0x05686fb8) thrown at [C:\workspace\8-2-build-windows-i586-cygwin\jdk8u191\11896\hotspot\src\share\vm\prims\jni.cpp, line 709]
Event: 4.449 Thread 0x027d0400 Exception <a 'sun/nio/fs/WindowsException'> (0x05687520) thrown at [C:\workspace\8-2-build-windows-i586-cygwin\jdk8u191\11896\hotspot\src\share\vm\prims\jni.cpp, line 709]
Event: 4.452 Thread 0x027d0400 Exception <a 'sun/nio/fs/WindowsException'> (0x056950c0) thrown at [C:\workspace\8-2-build-windows-i586-cygwin\jdk8u191\11896\hotspot\src\share\vm\prims\jni.cpp, line 709]
Event: 4.452 Thread 0x027d0400 Exception <a 'sun/nio/fs/WindowsException'> (0x056956e0) thrown at [C:\workspace\8-2-build-windows-i586-cygwin\jdk8u191\11896\hotspot\src\share\vm\prims\jni.cpp, line 709]
Event: 4.455 Thread 0x027d0400 Exception <a 'sun/nio/fs/WindowsException'> (0x0569f240) thrown at [C:\workspace\8-2-build-windows-i586-cygwin\jdk8u191\11896\hotspot\src\share\vm\prims\jni.cpp, line 709]
Event: 4.455 Thread 0x027d0400 Exception <a 'sun/nio/fs/WindowsException'> (0x0569f7c0) thrown at [C:\workspace\8-2-build-windows-i586-cygwin\jdk8u191\11896\hotspot\src\share\vm\prims\jni.cpp, line 709]

Events (10 events):
Event: 28.797 loading class javax/swing/JComponent$KeyboardState
Event: 28.797 loading class javax/swing/JComponent$KeyboardState done
Event: 28.797 loading class javax/swing/JComponent$IntVector
Event: 28.797 loading class javax/swing/JComponent$IntVector done
Event: 28.798 loading class javax/swing/Popup$HeavyWeightWindow
Event: 28.798 loading class sun/awt/ModalExclude
Event: 28.798 loading class sun/awt/ModalExclude done
Event: 28.798 loading class javax/swing/JWindow
Event: 28.798 loading class javax/swing/JWindow done
Event: 28.798 loading class javax/swing/Popup$HeavyWeightWindow done


Dynamic libraries:
0x006f0000 - 0x00723000 	C:\Program Files (x86)\Arduino\java\bin\javaw.exe
0x77aa0000 - 0x77c43000 	C:\Windows\SYSTEM32\ntdll.dll
0x75da0000 - 0x75e90000 	C:\Windows\System32\KERNEL32.DLL
0x77800000 - 0x77a14000 	C:\Windows\System32\KERNELBASE.dll
0x76b90000 - 0x76c0a000 	C:\Windows\System32\ADVAPI32.dll
0x76aa0000 - 0x76b5f000 	C:\Windows\System32\msvcrt.dll
0x75fd0000 - 0x76045000 	C:\Windows\System32\sechost.dll
0x75bc0000 - 0x75c7f000 	C:\Windows\System32\RPCRT4.dll
0x759f0000 - 0x75b90000 	C:\Windows\System32\USER32.dll
0x75ec0000 - 0x75ed8000 	C:\Windows\System32\win32u.dll
0x75b90000 - 0x75bb4000 	C:\Windows\System32\GDI32.dll
0x76f20000 - 0x76ffc000 	C:\Windows\System32\gdi32full.dll
0x76ea0000 - 0x76f1b000 	C:\Windows\System32\msvcp_win.dll
0x75c80000 - 0x75da0000 	C:\Windows\System32\ucrtbase.dll
0x70200000 - 0x70410000 	C:\Windows\WinSxS\x86_microsoft.windows.common-controls_6595b64144ccf1df_6.0.19041.1110_none_a8625c1886757984\COMCTL32.dll
0x75e90000 - 0x75eb5000 	C:\Windows\System32\IMM32.DLL
0x79bd0000 - 0x79c8f000 	C:\Program Files (x86)\Arduino\java\bin\msvcr100.dll
0x797f0000 - 0x79bc3000 	C:\Program Files (x86)\Arduino\java\bin\client\jvm.dll
0x77a20000 - 0x77a26000 	C:\Windows\System32\PSAPI.DLL
0x74f30000 - 0x74f38000 	C:\Windows\SYSTEM32\WSOCK32.dll
0x767d0000 - 0x76833000 	C:\Windows\System32\WS2_32.dll
0x72d60000 - 0x72d88000 	C:\Windows\SYSTEM32\WINMM.dll
0x753a0000 - 0x753a8000 	C:\Windows\SYSTEM32\VERSION.dll
0x797c0000 - 0x797f0000 	C:\Program Files (x86)\Arduino\java\bin\splashscreen.dll
0x72f60000 - 0x72fd4000 	C:\Windows\system32\uxtheme.dll
0x76540000 - 0x767c1000 	C:\Windows\System32\combase.dll
0x77ca0000 - 0x77cac000 	C:\Program Files (x86)\Arduino\java\bin\verify.dll
0x7a270000 - 0x7a292000 	C:\Program Files (x86)\Arduino\java\bin\java.dll
0x76860000 - 0x76933000 	C:\Windows\System32\MSCTF.dll
0x769a0000 - 0x76a36000 	C:\Windows\System32\OLEAUT32.dll
0x7a4c0000 - 0x7a4d4000 	C:\Program Files (x86)\Arduino\java\bin\zip.dll
0x74cd0000 - 0x74cdf000 	C:\Windows\SYSTEM32\kernel.appcore.dll
0x76940000 - 0x7699f000 	C:\Windows\System32\bcryptPrimitives.dll
0x6f9b0000 - 0x6fa69000 	C:\Windows\SYSTEM32\textinputframework.dll
0x6f690000 - 0x6f72b000 	C:\Windows\System32\CoreMessaging.dll
0x6f730000 - 0x6f9ae000 	C:\Windows\System32\CoreUIComponents.dll
0x76c10000 - 0x76c97000 	C:\Windows\System32\SHCORE.dll
0x70680000 - 0x706a9000 	C:\Windows\SYSTEM32\ntmarta.dll
0x6f5b0000 - 0x6f68b000 	C:\Windows\SYSTEM32\wintypes.dll
0x76cb0000 - 0x76d93000 	C:\Windows\System32\ole32.dll
0x775c0000 - 0x7763e000 	C:\Windows\System32\clbcatq.dll
0x6f310000 - 0x6f3d2000 	C:\Windows\SYSTEM32\PROPSYS.dll
0x77000000 - 0x775b3000 	C:\Windows\System32\SHELL32.dll
0x71470000 - 0x71a78000 	C:\Windows\SYSTEM32\windows.storage.dll
0x71440000 - 0x71465000 	C:\Windows\SYSTEM32\Wldp.dll
0x759a0000 - 0x759e5000 	C:\Windows\System32\shlwapi.dll
0x71420000 - 0x71438000 	C:\Windows\SYSTEM32\profapi.dll
0x6e730000 - 0x6e762000 	C:\Windows\System32\IME\IMEKR\imkrapi.dll
0x5e390000 - 0x5e413000 	C:\Windows\SYSTEM32\policymanager.dll
0x5e320000 - 0x5e385000 	C:\Windows\SYSTEM32\msvcp110_win.dll
0x6e6f0000 - 0x6e724000 	C:\Windows\System32\IME\shared\imjkapi.dll
0x61940000 - 0x619b3000 	C:\Program Files (x86)\Arduino\lib\listSerialsj.dll
0x76100000 - 0x7653c000 	C:\Windows\System32\SETUPAPI.dll
0x75960000 - 0x7599b000 	C:\Windows\System32\cfgmgr32.dll
0x76840000 - 0x76859000 	C:\Windows\System32\bcrypt.dll
0x7a2a0000 - 0x7a2bd000 	C:\Program Files (x86)\Arduino\lib\jnidispatch-4.2.2-win32-x86.dll
0x7a2d0000 - 0x7a2e5000 	C:\Program Files (x86)\Arduino\java\bin\net.dll
0x75460000 - 0x754b2000 	C:\Windows\system32\mswsock.dll
0x7a2c0000 - 0x7a2cf000 	C:\Program Files (x86)\Arduino\java\bin\nio.dll
0x7a2f0000 - 0x7a437000 	C:\Program Files (x86)\Arduino\java\bin\awt.dll
0x75810000 - 0x758af000 	C:\Windows\SYSTEM32\apphelp.dll
0x6f530000 - 0x6f5a7000 	C:\Windows\system32\IMGSF50Filter.dll
0x6f420000 - 0x6f523000 	C:\Windows\SYSTEM32\Opengl32.dll
0x6f3e0000 - 0x6f41f000 	C:\Windows\SYSTEM32\GLU32.dll
0x70720000 - 0x70746000 	C:\Windows\system32\DWMAPI.DLL
0x7a480000 - 0x7a4b9000 	C:\Program Files (x86)\Arduino\java\bin\fontmanager.dll
0x7a440000 - 0x7a472000 	C:\Program Files (x86)\Arduino\java\bin\t2k.dll
0x7a4e0000 - 0x7a4ea000 	C:\Program Files (x86)\Arduino\java\bin\management.dll
0x6dd10000 - 0x6dd21000 	C:\Windows\system32\napinsp.dll
0x6dcf0000 - 0x6dd06000 	C:\Windows\system32\pnrpnsp.dll
0x6dce0000 - 0x6dcf0000 	C:\Windows\system32\wshbth.dll
0x6dcc0000 - 0x6dcd6000 	C:\Windows\system32\NLAapi.dll
0x709c0000 - 0x709f2000 	C:\Windows\SYSTEM32\IPHLPAPI.DLL
0x707f0000 - 0x70881000 	C:\Windows\SYSTEM32\DNSAPI.dll
0x76b60000 - 0x76b67000 	C:\Windows\System32\NSI.dll
0x6dcb0000 - 0x6dcbe000 	C:\Windows\System32\winrnr.dll
0x6dd30000 - 0x6dd88000 	C:\Windows\System32\fwpuclnt.dll
0x707e0000 - 0x707e8000 	C:\Windows\System32\rasadhlp.dll
0x70990000 - 0x709a4000 	C:\Windows\SYSTEM32\dhcpcsvc6.DLL
0x70970000 - 0x70986000 	C:\Windows\SYSTEM32\dhcpcsvc.DLL
0x71400000 - 0x71413000 	C:\Windows\SYSTEM32\CRYPTSP.dll
0x713d0000 - 0x713ff000 	C:\Windows\system32\rsaenh.dll
0x758b0000 - 0x758d5000 	C:\Windows\SYSTEM32\USERENV.dll
0x713c0000 - 0x713ca000 	C:\Windows\SYSTEM32\CRYPTBASE.dll
0x6d7f0000 - 0x6d81b000 	C:\Windows\SYSTEM32\DEVOBJ.dll
0x777b0000 - 0x777f7000 	C:\Windows\System32\WINTRUST.dll
0x76da0000 - 0x76e9a000 	C:\Windows\System32\CRYPT32.dll
0x74ce0000 - 0x74cee000 	C:\Windows\SYSTEM32\MSASN1.dll
0x7a4f0000 - 0x7a559000 	C:\Program Files (x86)\Arduino\msvcp100.dll
0x7a560000 - 0x7a61e000 	C:\Program Files (x86)\Arduino\msvcr100.dll
0x28cb0000 - 0x28ce2000 	C:\Program Files (x86)\Arduino\lib\AStylej.dll
0x6d820000 - 0x6d991000 	C:\Windows\SYSTEM32\WindowsCodecs.dll
0x61140000 - 0x61172000 	C:\Windows\system32\dataexchange.dll
0x60fd0000 - 0x61135000 	C:\Windows\system32\dcomp.dll
0x60df0000 - 0x60fd0000 	C:\Windows\system32\d3d11.dll
0x62320000 - 0x623e3000 	C:\Windows\system32\dxgi.dll
0x60c60000 - 0x60def000 	C:\Windows\system32\twinapi.appcore.dll
0x500c0000 - 0x500e0000 	C:\Program Files (x86)\Arduino\java\bin\sunec.dll
0x7a620000 - 0x7a629000 	C:\Program Files (x86)\Arduino\java\bin\sunmscapi.dll
0x5e7d0000 - 0x5e889000 	C:\Windows\System32\IME\IMEKR\imkrtip.dll
0x59ce0000 - 0x59dea000 	C:\Windows\System32\IME\shared\imetip.dll
0x72f00000 - 0x72f53000 	C:\Windows\SYSTEM32\OLEACC.dll
0x59b80000 - 0x59cdf000 	C:\Windows\SYSTEM32\DUI70.dll
0x7c010000 - 0x7c0ca000 	C:\Windows\System32\AppXDeploymentClient.dll
0x7c0d0000 - 0x7c0f3000 	C:\Windows\System32\DriverStore\FileRepository\u0359227.inf_amd64_823ae850a8a638cc\B359021\atiglpxx.dll
0x2b3b0000 - 0x2d86a000 	C:\Windows\System32\DriverStore\FileRepository\u0359227.inf_amd64_823ae850a8a638cc\B359021\atioglxx.dll
0x7b050000 - 0x7b06c000 	C:\Windows\SYSTEM32\dxva2.dll
0x7b070000 - 0x7b0a2000 	C:\Windows\System32\DriverStore\FileRepository\u0359227.inf_amd64_823ae850a8a638cc\B359021\atigktxx.dll
0x68ac0000 - 0x68c48000 	C:\Windows\SYSTEM32\dbghelp.dll

VM Arguments:
jvm_args: -Dsun.java2d.d3d=false -Djna.nosys=true -Djna.nounpack=true -Djna.boot.library.name=jnidispatch-4.2.2-win32-x86 -Djna.boot.library.path=C:\Program Files (x86)\Arduino/lib -Djssc.library.path=C:\Program Files (x86)\Arduino/lib -DAPP_DIR=C:\Program Files (x86)\Arduino -Xms128M -Xmx512M -Dfile.encoding=UTF8 -Djava.net.preferIPv4Stack=true 
java_command: processing.app.Base C:\Users\choiy\OneDrive\¹®¼­\Arduino\motor_control\motor_control.ino
java_class_path (initial): C:\Program Files (x86)\Arduino\lib\apple.jar;C:\Program Files (x86)\Arduino\lib\arduino-core.jar;C:\Program Files (x86)\Arduino\lib\batik-1.8.jar;C:\Program Files (x86)\Arduino\lib\batik-anim-1.8.jar;C:\Program Files (x86)\Arduino\lib\batik-awt-util-1.8.jar;C:\Program Files (x86)\Arduino\lib\batik-bridge-1.8.jar;C:\Program Files (x86)\Arduino\lib\batik-codec-1.8.jar;C:\Program Files (x86)\Arduino\lib\batik-css-1.8.jar;C:\Program Files (x86)\Arduino\lib\batik-dom-1.8.jar;C:\Program Files (x86)\Arduino\lib\batik-ext-1.8.jar;C:\Program Files (x86)\Arduino\lib\batik-gvt-1.8.jar;C:\Program Files (x86)\Arduino\lib\batik-parser-1.8.jar;C:\Program Files (x86)\Arduino\lib\batik-rasterizer-1.8.jar;C:\Program Files (x86)\Arduino\lib\batik-script-1.8.jar;C:\Program Files (x86)\Arduino\lib\batik-squiggle-1.8.jar;C:\Program Files (x86)\Arduino\lib\batik-svg-dom-1.8.jar;C:\Program Files (x86)\Arduino\lib\batik-svgpp-1.8.jar;C:\Program Files (x86)\Arduino\lib\batik-transcoder-1.8.jar;C:\Program Files (x86)\Arduino\lib\batik-util-1.8.jar;C:\Program Files (x86)\Arduino\lib\batik-xml-1.8.jar;C:\Program Files (x86)\Arduino\lib\bcpg-jdk15on-152.jar;C:\Program Files (x86)\Arduino\lib\bcprov-jdk15on-152.jar;C:\Program Files (x86)\Arduino\lib\commons-codec-1.7.jar;C:\Program Files (x86)\Arduino\lib\commons-compress-1.8.jar;C:\Program Files (x86)\Arduino\lib\commons-exec-1.1.jar;C:\Program Files (x86)\Arduino\lib\commons-httpclient-3.1.jar;C:\Program Files (x86)\Arduino\lib\commons-lang3-3.8.1.jar;C:\Program Files (x86)\Arduino\lib\commons-logging-1.0.4.jar;C:\Program Files (x86)\Arduino\lib\commons-net-3.3.jar;C:\Program Files (x86)\Arduino\lib\commons-io-2.6.jar;C:\Program Files (x86)\Arduino\lib\jackson-annotations-2.9.5.jar;C:\Program Files (x86)\Arduino\lib\jackson-core-2.9.5.jar;C:\Program Files (x86)\Arduino\lib\jackson-databind-2.9.5.jar;C:\Program Files (x86)\Arduino\lib\java-semver-0.8.0.jar;C:\Program Files (x86)\Arduino\lib\jmdns-3.5.5.jar;C:\Program
Launcher Type: SUN_STANDARD

Environment Variables:
PATH=C:\WinAVR-20100110\bin;C:\WinAVR-20100110\utils\bin;C:\Program Files (x86)\Common Files\Oracle\Java\javapath;C:\MinGW\bin;C:\Windows\system32;C:\Windows;C:\Windows\System32\Wbem;C:\Windows\System32\WindowsPowerShell\v1.0\;C:\Windows\System32\OpenSSH\;"C:\Windows;C:\Windows\system32\bem";C:\data\db\bin;C:\Cadence\SPB_17.2\tools\specctra\bin;C:\Cadence\SPB_17.2\tools\PSpice;C:\Cadence\SPB_17.2\tools\PSpice\Library;C:\Cadence\SPB_17.2\tools\Capture;C:\Cadence\SPB_17.2\tools\fet\bin;C:\Cadence\SPB_17.2\OpenAccess\bin\win32\opt;C:\Cadence\SPB_17.2\tools\bin;C:\Cadence\SPB_17.2\tools\pcb\bin;C:\Program Files\PuTTY\;C:\Program Files\Git\cmd;C:\Users\choiy\anaconda3;C:\Users\choiy\anaconda3\Library\mingw-w64\bin;C:\Users\choiy\anaconda3\Library\usr\bin;C:\Users\choiy\anaconda3\Library\bin;C:\Users\choiy\anaconda3\Scripts;C:\MinGW\bin;C:\Users\choiy\AppData\Local\Microsoft\WindowsApps;C:\Users\choiy\AppData\Local\Programs\Microsoft VS Code\bin;C:\Program Files\JetBrains\PyCharm Community Edition 2020.3.3\bin;C:\Program Files\Tesseract-OCR;C:\Users\choiy\AppData\Local\Programs\MiKTeX\miktex\bin\x64\;C:\Program Files\JetBrains\PyCharm 2021.1.3\bin;;C:\Program Files (x86)\Arduino\java\bin
USERNAME=choiy
OS=Windows_NT
PROCESSOR_IDENTIFIER=AMD64 Family 23 Model 96 Stepping 1, AuthenticAMD



---------------  S Y S T E M  ---------------

OS: Windows 10.0 , 64 bit Build 19041 (10.0.19041.1348)

CPU:total 6 (initial active 6) (6 cores per cpu, 1 threads per core) family 23 model 96 stepping 1, cmov, cx8, fxsr, mmx, sse, sse2, sse3, ssse3, sse4.1, sse4.2, popcnt, avx, avx2, aes, clmul, mmxext, 3dnowpref, lzcnt, sse4a, tsc, tscinvbit, tscinv, bmi1

Memory: 4k page, physical 16119096k(7786928k free), swap 19741552k(4070052k free)

vm_info: Java HotSpot(TM) Client VM (25.191-b12) for windows-x86 JRE (1.8.0_191-b12), built on Oct  6 2018 08:34:23 by "java_re" with MS VC++ 10.0 (VS2010)

time: Sun Nov 28 23:08:09 2021
elapsed time: 30 seconds (0d 0h 0m 30s)

